Arguments: 
  /usr/local/Cellar/node/9.8.0/bin/node /usr/local/bin/yarn add dev babel-cli babel-preset-env babel-preset-stage-3 nodemon

PATH: 
  /Users/andresmurguido/.rbenv/shims:/usr/local/bin:/usr/bin:/bin:/usr/sbin:/sbin:/usr/local/share/dotnet:/Library/Frameworks/Mono.framework/Versions/Current/Commands:/Users/andresmurguido/.rbenv/shims:/Applications/Visual Studio Code.app/Contents/Resources/app/bin:/Applications/Visual Studio Code.app/Contents/Resources/app/bin

Yarn version: 
  1.5.1

Node version: 
  10.6.0

Platform: 
  darwin x64

npm manifest: 
  {
    "name": "sneaker-server",
    "version": "1.0.0",
    "description": "",
    "main": "index.js",
    "scripts": {
      "test": "echo \"Error: no test specified\" && exit 1"
    },
    "author": "Andres Murguido",
    "license": "ISC"
  }

yarn manifest: 
  No manifest

Lockfile: 
  No lockfile

Trace: 
  Error: Found incompatible module
      at new MessageError (/usr/local/lib/node_modules/yarn/lib/cli.js:186:110)
      at checkOne (/usr/local/lib/node_modules/yarn/lib/cli.js:62444:11)
      at Object.check (/usr/local/lib/node_modules/yarn/lib/cli.js:62463:5)
      at /usr/local/lib/node_modules/yarn/lib/cli.js:22803:73
      at Generator.next (<anonymous>)
      at step (/usr/local/lib/node_modules/yarn/lib/cli.js:98:30)
      at /usr/local/lib/node_modules/yarn/lib/cli.js:109:13
